<?xml version="1.0" encoding="UTF-8"?>
<!-- Generated by org.testng.reporters.JUnitReportReporter -->
<testsuite hostname="LAPTOP-3C40GAA7" failures="0" tests="8" name="Tests.ADKFormTestCases" time="27.623" errors="0" timestamp="2023-05-15T20:29:51 COT" skipped="0">
  <testcase classname="Tests.ADKFormTestCases" name="requiredFirstName" time="2.996"/>
  <system-out/>
  <testcase classname="Tests.ADKFormTestCases" name="requiredLastName" time="2.406"/>
  <system-out/>
  <testcase classname="Tests.ADKFormTestCases" name="requiredEmail" time="2.339"/>
  <system-out/>
  <testcase classname="Tests.ADKFormTestCases" name="emailInvalidFormat" time="2.102"/>
  <system-out/>
  <testcase classname="Tests.ADKFormTestCases" name="requiredCompany" time="2.173"/>
  <system-out/>
  <testcase classname="Tests.ADKFormTestCases" name="phoneNotRequired" time="5.137"/>
  <system-out/>
  <testcase classname="Tests.ADKFormTestCases" name="messageNotRequired" time="3.769"/>
  <system-out/>
  <testcase classname="Tests.ADKFormTestCases" name="allFieldsFilledOut" time="6.701"/>
  <system-out/>
</testsuite> <!-- Tests.ADKFormTestCases -->
